<?xml version="1.0" encoding="utf-8"?><testsuites name="pytest tests"><testsuite name="pytest" errors="0" failures="0" skipped="0" tests="7" time="1.362" timestamp="2026-06-29T19:35:07.875023+00:00" hostname="agent-env-bc289c49-91a1-473e-b7ee-c6bdf70a7a31"><testcase classname="tests.test_newsletter_api" name="test_api_root_returns_200" time="0.195" /><testcase classname="tests.test_newsletter_api" name="test_newsletter_subscribe_valid_email" time="0.058" /><testcase classname="tests.test_newsletter_api" name="test_newsletter_subscribe_duplicate_email_is_idempotent" time="0.109" /><testcase classname="tests.test_newsletter_api" name="test_newsletter_subscribe_invalid_email_returns_422" time="0.054" /><testcase classname="tests.test_newsletter_api" name="test_newsletter_subscribe_missing_email_returns_422" time="0.049" /><testcase classname="tests.test_newsletter_api" name="test_newsletter_count_returns_numeric" time="0.052" /><testcase classname="tests.test_newsletter_api" name="test_newsletter_count_increments_after_subscribe" time="0.272" /></testsuite></testsuites>